<?xml version="1.0" encoding="UTF-8"?>
<robot generator="Robot 6.0.1 (Python 3.11.1 on win32)" generated="20230217 18:50:01.251" rpa="false" schemaversion="3">
<suite id="s1" name="PesquisaTeste" source="C:\Users\janal\americanas\PesquisaTeste.robot">
<test id="s1-t1" name="Caso de Teste 01: Pesquisar produto" line="7">
<kw name="Acessar a página da Americanas" library="PesquisaResource">
<kw name="Open Browser" library="SeleniumLibrary">
<arg>url=${URL}</arg>
<arg>browser=${BROWSER}</arg>
<doc>Opens a new browser instance to the optional ``url``.</doc>
<msg timestamp="20230217 18:50:01.597" level="INFO">Opening browser 'chrome' to base url 'https://www.americanas.com.br/'.</msg>
<status status="PASS" starttime="20230217 18:50:01.595" endtime="20230217 18:50:10.592"/>
</kw>
<kw name="Title Should Be" library="SeleniumLibrary">
<arg>Americanas - tudo, a toda hora, em qualquer lugar :)</arg>
<doc>Verifies that the current page title equals ``title``.</doc>
<msg timestamp="20230217 18:50:10.733" level="INFO">Page title is 'Americanas - tudo, a toda hora, em qualquer lugar :)'.</msg>
<status status="PASS" starttime="20230217 18:50:10.592" endtime="20230217 18:50:10.733"/>
</kw>
<status status="PASS" starttime="20230217 18:50:01.595" endtime="20230217 18:50:10.733"/>
</kw>
<kw name="Pesquisar por &quot;Celular Xiaomi&quot;" library="PesquisaResource" sourcename="Pesquisar por &quot;${TEXTO_PEQUISA}&quot;">
<kw name="Input Text" library="SeleniumLibrary">
<arg>${INPUT_PESQUISAR}</arg>
<arg>${TEXTO_PEQUISA}</arg>
<doc>Types the given ``text`` into the text field identified by ``locator``.</doc>
<msg timestamp="20230217 18:50:10.739" level="INFO">Typing text 'Celular Xiaomi' into text field 'name=conteudo'.</msg>
<status status="PASS" starttime="20230217 18:50:10.739" endtime="20230217 18:50:12.039"/>
</kw>
<kw name="Click Button" library="SeleniumLibrary">
<arg>${BTN_PESQUISAR}</arg>
<doc>Clicks the button identified by ``locator``.</doc>
<msg timestamp="20230217 18:50:12.041" level="INFO">Clicking button 'css=#rsyswpsdk &gt; div &gt; header &gt; div.src__Inner-sc-q7wx4i-2.kXfNUu &gt; div.src__Container-sc-q7wx4i-3.fVZPdo &gt; div &gt; div.search__Container-sc-1wvs0c1-0.fpjaUO &gt; form &gt; button'.</msg>
<status status="PASS" starttime="20230217 18:50:12.040" endtime="20230217 18:50:15.608"/>
</kw>
<status status="PASS" starttime="20230217 18:50:10.733" endtime="20230217 18:50:15.608"/>
</kw>
<kw name="Conferir mensagem de pesquisa por &quot;Celulares e Smartphones&quot;" library="PesquisaResource" sourcename="Conferir mensagem de pesquisa por &quot;${MSG_ENCONTRADA}&quot;">
<kw name="Page Should Contain" library="SeleniumLibrary">
<arg>${MSG_ENCONTRADA}</arg>
<doc>Verifies that current page contains ``text``.</doc>
<msg timestamp="20230217 18:50:17.225" level="INFO">Current page contains text 'Celulares e Smartphones'.</msg>
<status status="PASS" starttime="20230217 18:50:15.610" endtime="20230217 18:50:17.225"/>
</kw>
<status status="PASS" starttime="20230217 18:50:15.609" endtime="20230217 18:50:17.225"/>
</kw>
<status status="PASS" starttime="20230217 18:50:01.593" endtime="20230217 18:50:17.226"/>
</test>
<test id="s1-t2" name="Caso de Teste 02: Pesquisa por produto inexistente" line="12">
<kw name="Acessar a página da Americanas" library="PesquisaResource">
<kw name="Open Browser" library="SeleniumLibrary">
<arg>url=${URL}</arg>
<arg>browser=${BROWSER}</arg>
<doc>Opens a new browser instance to the optional ``url``.</doc>
<msg timestamp="20230217 18:50:17.232" level="INFO">Opening browser 'chrome' to base url 'https://www.americanas.com.br/'.</msg>
<status status="PASS" starttime="20230217 18:50:17.231" endtime="20230217 18:50:28.801"/>
</kw>
<kw name="Title Should Be" library="SeleniumLibrary">
<arg>Americanas - tudo, a toda hora, em qualquer lugar :)</arg>
<doc>Verifies that the current page title equals ``title``.</doc>
<msg timestamp="20230217 18:50:28.935" level="INFO">Page title is 'Americanas - tudo, a toda hora, em qualquer lugar :)'.</msg>
<status status="PASS" starttime="20230217 18:50:28.801" endtime="20230217 18:50:28.935"/>
</kw>
<status status="PASS" starttime="20230217 18:50:17.230" endtime="20230217 18:50:28.935"/>
</kw>
<kw name="Pesquisar por &quot;XPTO551&quot;" library="PesquisaResource" sourcename="Pesquisar por &quot;${TEXTO_PEQUISA}&quot;">
<kw name="Input Text" library="SeleniumLibrary">
<arg>${INPUT_PESQUISAR}</arg>
<arg>${TEXTO_PEQUISA}</arg>
<doc>Types the given ``text`` into the text field identified by ``locator``.</doc>
<msg timestamp="20230217 18:50:28.939" level="INFO">Typing text 'XPTO551' into text field 'name=conteudo'.</msg>
<status status="PASS" starttime="20230217 18:50:28.937" endtime="20230217 18:50:30.124"/>
</kw>
<kw name="Click Button" library="SeleniumLibrary">
<arg>${BTN_PESQUISAR}</arg>
<doc>Clicks the button identified by ``locator``.</doc>
<msg timestamp="20230217 18:50:30.126" level="INFO">Clicking button 'css=#rsyswpsdk &gt; div &gt; header &gt; div.src__Inner-sc-q7wx4i-2.kXfNUu &gt; div.src__Container-sc-q7wx4i-3.fVZPdo &gt; div &gt; div.search__Container-sc-1wvs0c1-0.fpjaUO &gt; form &gt; button'.</msg>
<status status="PASS" starttime="20230217 18:50:30.124" endtime="20230217 18:50:33.523"/>
</kw>
<status status="PASS" starttime="20230217 18:50:28.936" endtime="20230217 18:50:33.524"/>
</kw>
<kw name="Conferir mensagem de pesquisa por &quot;poxa, nenhum resultado encontrado&quot;" library="PesquisaResource" sourcename="Conferir mensagem de pesquisa por &quot;${MSG_ENCONTRADA}&quot;">
<kw name="Page Should Contain" library="SeleniumLibrary">
<arg>${MSG_ENCONTRADA}</arg>
<doc>Verifies that current page contains ``text``.</doc>
<msg timestamp="20230217 18:50:34.354" level="INFO">Current page contains text 'poxa, nenhum resultado encontrado'.</msg>
<status status="PASS" starttime="20230217 18:50:33.525" endtime="20230217 18:50:34.354"/>
</kw>
<status status="PASS" starttime="20230217 18:50:33.524" endtime="20230217 18:50:34.354"/>
</kw>
<status status="PASS" starttime="20230217 18:50:17.229" endtime="20230217 18:50:34.358"/>
</test>
<test id="s1-t3" name="Caso de Teste 03: Pesquisa por produto com nome errado" line="17">
<kw name="Acessar a página da Americanas" library="PesquisaResource">
<kw name="Open Browser" library="SeleniumLibrary">
<arg>url=${URL}</arg>
<arg>browser=${BROWSER}</arg>
<doc>Opens a new browser instance to the optional ``url``.</doc>
<msg timestamp="20230217 18:50:34.383" level="INFO">Opening browser 'chrome' to base url 'https://www.americanas.com.br/'.</msg>
<status status="PASS" starttime="20230217 18:50:34.381" endtime="20230217 18:50:47.751"/>
</kw>
<kw name="Title Should Be" library="SeleniumLibrary">
<arg>Americanas - tudo, a toda hora, em qualquer lugar :)</arg>
<doc>Verifies that the current page title equals ``title``.</doc>
<msg timestamp="20230217 18:50:48.074" level="INFO">Page title is 'Americanas - tudo, a toda hora, em qualquer lugar :)'.</msg>
<status status="PASS" starttime="20230217 18:50:47.751" endtime="20230217 18:50:48.074"/>
</kw>
<status status="PASS" starttime="20230217 18:50:34.381" endtime="20230217 18:50:48.075"/>
</kw>
<kw name="Pesquisar por &quot;Selular Xiaomi&quot;" library="PesquisaResource" sourcename="Pesquisar por &quot;${TEXTO_PEQUISA}&quot;">
<kw name="Input Text" library="SeleniumLibrary">
<arg>${INPUT_PESQUISAR}</arg>
<arg>${TEXTO_PEQUISA}</arg>
<doc>Types the given ``text`` into the text field identified by ``locator``.</doc>
<msg timestamp="20230217 18:50:48.103" level="INFO">Typing text 'Selular Xiaomi' into text field 'name=conteudo'.</msg>
<status status="PASS" starttime="20230217 18:50:48.102" endtime="20230217 18:50:49.370"/>
</kw>
<kw name="Click Button" library="SeleniumLibrary">
<arg>${BTN_PESQUISAR}</arg>
<doc>Clicks the button identified by ``locator``.</doc>
<msg timestamp="20230217 18:50:49.371" level="INFO">Clicking button 'css=#rsyswpsdk &gt; div &gt; header &gt; div.src__Inner-sc-q7wx4i-2.kXfNUu &gt; div.src__Container-sc-q7wx4i-3.fVZPdo &gt; div &gt; div.search__Container-sc-1wvs0c1-0.fpjaUO &gt; form &gt; button'.</msg>
<status status="PASS" starttime="20230217 18:50:49.370" endtime="20230217 18:50:53.885"/>
</kw>
<status status="PASS" starttime="20230217 18:50:48.101" endtime="20230217 18:50:53.885"/>
</kw>
<kw name="Conferir mensagem de pesquisa por &quot;exibindo resultado para: celular xiaomi&quot;" library="PesquisaResource" sourcename="Conferir mensagem de pesquisa por &quot;${MSG_ENCONTRADA}&quot;">
<kw name="Page Should Contain" library="SeleniumLibrary">
<arg>${MSG_ENCONTRADA}</arg>
<doc>Verifies that current page contains ``text``.</doc>
<msg timestamp="20230217 18:50:55.806" level="INFO">Current page contains text 'exibindo resultado para: celular xiaomi'.</msg>
<status status="PASS" starttime="20230217 18:50:53.887" endtime="20230217 18:50:55.806"/>
</kw>
<status status="PASS" starttime="20230217 18:50:53.886" endtime="20230217 18:50:55.808"/>
</kw>
<status status="PASS" starttime="20230217 18:50:34.379" endtime="20230217 18:50:55.814"/>
</test>
<status status="PASS" starttime="20230217 18:50:01.251" endtime="20230217 18:50:55.817"/>
</suite>
<statistics>
<total>
<stat pass="3" fail="0" skip="0">All Tests</stat>
</total>
<tag>
</tag>
<suite>
<stat pass="3" fail="0" skip="0" id="s1" name="PesquisaTeste">PesquisaTeste</stat>
</suite>
</statistics>
<errors>
<msg timestamp="20230217 18:50:01.584" level="ERROR">Error in file 'C:\Users\janal\americanas\PesquisaTeste.robot' on line 4: Library setting requires value.</msg>
</errors>
</robot>
